0 info it worked if it ends with ok
1 verbose cli [ '/usr/local/bin/node', '/usr/local/bin/npm', 'publish' ]
2 info using npm@1.4.28
3 info using node@v0.10.33
4 verbose publish [ '.' ]
5 verbose cache add [ '.', null ]
6 verbose cache add name=undefined spec="." args=[".",null]
7 verbose parsed url { protocol: null,
7 verbose parsed url   slashes: null,
7 verbose parsed url   auth: null,
7 verbose parsed url   host: null,
7 verbose parsed url   port: null,
7 verbose parsed url   hostname: null,
7 verbose parsed url   hash: null,
7 verbose parsed url   search: null,
7 verbose parsed url   query: null,
7 verbose parsed url   pathname: '.',
7 verbose parsed url   path: '.',
7 verbose parsed url   href: '.' }
8 silly lockFile 3a52ce78- .
9 verbose lock . /home/altum/.npm/3a52ce78-.lock
10 verbose tar pack [ '/home/altum/.npm/node-wow-dbc/1.0.1/package.tgz', '.' ]
11 verbose tarball /home/altum/.npm/node-wow-dbc/1.0.1/package.tgz
12 verbose folder .
13 info prepublish node-wow-dbc@1.0.1
14 silly lockFile 1f1177db-tar tar://.
15 verbose lock tar://. /home/altum/.npm/1f1177db-tar.lock
16 silly lockFile 65385500-m-node-wow-dbc-1-0-1-package-tgz tar:///home/altum/.npm/node-wow-dbc/1.0.1/package.tgz
17 verbose lock tar:///home/altum/.npm/node-wow-dbc/1.0.1/package.tgz /home/altum/.npm/65385500-m-node-wow-dbc-1-0-1-package-tgz.lock
18 silly lockFile 1f1177db-tar tar://.
19 silly lockFile 1f1177db-tar tar://.
20 silly lockFile 65385500-m-node-wow-dbc-1-0-1-package-tgz tar:///home/altum/.npm/node-wow-dbc/1.0.1/package.tgz
21 silly lockFile 65385500-m-node-wow-dbc-1-0-1-package-tgz tar:///home/altum/.npm/node-wow-dbc/1.0.1/package.tgz
22 silly lockFile e46af4d5-m-npm-node-wow-dbc-1-0-1-package /home/altum/.npm/node-wow-dbc/1.0.1/package
23 verbose lock /home/altum/.npm/node-wow-dbc/1.0.1/package /home/altum/.npm/e46af4d5-m-npm-node-wow-dbc-1-0-1-package.lock
24 silly lockFile e46af4d5-m-npm-node-wow-dbc-1-0-1-package /home/altum/.npm/node-wow-dbc/1.0.1/package
25 silly lockFile e46af4d5-m-npm-node-wow-dbc-1-0-1-package /home/altum/.npm/node-wow-dbc/1.0.1/package
26 silly lockFile 3a52ce78- .
27 silly lockFile 3a52ce78- .
28 silly publish { name: 'node-wow-dbc',
28 silly publish   version: '1.0.1',
28 silly publish   description: 'World of Warcraft client side data manipulation.',
28 silly publish   main: 'dbc.js',
28 silly publish   scripts: { test: 'echo "Error: no test specified" && exit 1' },
28 silly publish   author: '',
28 silly publish   keywords: [ 'dbc', 'wow' ],
28 silly publish   license: 'ISC',
28 silly publish   dependencies: { q: '^1.1.2' },
28 silly publish   readme: '# node-wow-dbc\n\n## Installation (npm)\n```\nnpm install --save node-wow-dbc\n```\n\n## Usage\n```js\nvar DBC = require(\'node-wow-dbc\');\n\nvar dbc = new DBC(\'dbc/ItemClass.dbc\', \'ItemClass\');\n\ndbc.read().then(function (rows) {\n\tconsole.log(rows);\n}, function (err) {\n\tconsole.log(err);\n});\n\ndbc.toCSV().then(function (csv) {\n\tconsole.log(csv);\n});\n```\n\n',
28 silly publish   readmeFilename: 'README.md',
28 silly publish   gitHead: '6880dd464f64d4fae727e66bf9e8d2bdb649d565',
28 silly publish   _id: 'node-wow-dbc@1.0.1',
28 silly publish   _shasum: '6a41cd6079a0ea7cc18e97ed11db9e3abd63a68f',
28 silly publish   _from: '.' }
29 error need auth auth and email required for publishing
29 error need auth You need to authorize this machine using `npm adduser`
30 error System Linux 3.16.0-25-generic
31 error command "/usr/local/bin/node" "/usr/local/bin/npm" "publish"
32 error cwd /home/altum/public_html/node-wow-dbc
33 error node -v v0.10.33
34 error npm -v 1.4.28
35 error code ENEEDAUTH
36 verbose exit [ 1, true ]
